<?xml version="1.0" encoding="UTF-8"?>
<!-- Generated by org.testng.reporters.JUnitReportReporter -->
<testsuite hostname="URMILA-PC" name="TestCase.HomePageTest" tests="5" failures="0" timestamp="8 Sep 2020 14:29:32 GMT" time="330.504" errors="0">
  <testcase name="validateHideUnhideMenubartest" time="54.072" classname="TestCase.HomePageTest"/>
  <testcase name="validateLoggedInUserNametest" time="77.477" classname="TestCase.HomePageTest"/>
  <testcase name="validateNavigtiontocustomermenutest" time="63.650" classname="TestCase.HomePageTest"/>
  <testcase name="clearCatchetest" time="49.975" classname="TestCase.HomePageTest"/>
  <testcase name="Logouttest" time="85.330" classname="TestCase.HomePageTest"/>
</testsuite> <!-- TestCase.HomePageTest -->
