<?xml version="1.0" encoding="UTF-8"?>
<!-- Generated by org.testng.reporters.JUnitReportReporter -->
<testsuite hostname="URMILA-PC" name="TestCase.CustomerPageTest" tests="1" failures="0" timestamp="8 Sep 2020 14:29:32 GMT" time="97.429" errors="0">
  <testcase name="validateNavigtiontocustomermenutest" time="97.429" classname="TestCase.CustomerPageTest"/>
</testsuite> <!-- TestCase.CustomerPageTest -->
